<?xml version="1.0" encoding="utf-8"?>
<?AutomationStudio Version="4.8.7.28 SP"?>
<Objects>
  <Object
    Path="C:\Users\ivanr\OneDrive\Plocha\test_diplomovka\Logical\Package.pkg"
    LogicalPath=""
    Type="Package.ParentUnknown"
    LastWriteTime="133576955670713672" />
  <Object
    Path="C:\Users\ivanr\OneDrive\Plocha\test_diplomovka\Logical\Global.typ"
    LogicalPath="Global.typ"
    Type="File"
    LastWriteTime="133559976961099891"
    Private="false" />
  <Object
    Path="C:\Users\ivanr\OneDrive\Plocha\test_diplomovka\Logical\Global.var"
    LogicalPath="Global.var"
    Type="File"
    LastWriteTime="133576949915490605"
    Private="false" />
  <Object
    Path="C:\Users\ivanr\OneDrive\Plocha\test_diplomovka\Logical\Libraries\Package.pkg"
    LogicalPath="Libraries"
    Type="Package"
    LastWriteTime="133559978226606895" />
  <Object
    Path="C:\Users\ivanr\OneDrive\Plocha\test_diplomovka\Logical\Libraries\operator\binary.lby"
    LogicalPath="Libraries.operator"
    Type="Library"
    LastWriteTime="133559976980686076" />
  <Object
    Path="C:\Users\ivanr\OneDrive\Plocha\test_diplomovka\Logical\Libraries\operator\operator.fun"
    LogicalPath="Libraries.operator.operator.fun"
    Type="File"
    LastWriteTime="133559976980669569"
    Private="false" />
  <Object
    Path="C:\Users\ivanr\OneDrive\Plocha\test_diplomovka\Logical\Libraries\operator\operator.typ"
    LogicalPath="Libraries.operator.operator.typ"
    Type="File"
    LastWriteTime="133559976980686076"
    Private="false" />
  <Object
    Path="C:\Users\ivanr\OneDrive\Plocha\test_diplomovka\Logical\Libraries\operator\operator.var"
    LogicalPath="Libraries.operator.operator.var"
    Type="File"
    LastWriteTime="133559976980686076"
    Private="false" />
  <Object
    Path="C:\Users\ivanr\OneDrive\Plocha\test_diplomovka\Logical\Libraries\runtime\binary.lby"
    LogicalPath="Libraries.runtime"
    Type="Library"
    LastWriteTime="133559976982415660" />
  <Object
    Path="C:\Users\ivanr\OneDrive\Plocha\test_diplomovka\Logical\Libraries\runtime\runtime.fun"
    LogicalPath="Libraries.runtime.runtime.fun"
    Type="File"
    LastWriteTime="133559976982386035"
    Private="false" />
  <Object
    Path="C:\Users\ivanr\OneDrive\Plocha\test_diplomovka\Logical\Libraries\runtime\runtime.typ"
    LogicalPath="Libraries.runtime.runtime.typ"
    Type="File"
    LastWriteTime="133559976982386035"
    Private="false" />
  <Object
    Path="C:\Users\ivanr\OneDrive\Plocha\test_diplomovka\Logical\Libraries\runtime\runtime.var"
    LogicalPath="Libraries.runtime.runtime.var"
    Type="File"
    LastWriteTime="133559976982407680"
    Private="false" />
  <Object
    Path="C:\Users\ivanr\OneDrive\Plocha\test_diplomovka\Logical\Libraries\astime\binary.lby"
    LogicalPath="Libraries.astime"
    Type="Library"
    LastWriteTime="133559976984034888" />
  <Object
    Path="C:\Users\ivanr\OneDrive\Plocha\test_diplomovka\Logical\Libraries\astime\astime.fun"
    LogicalPath="Libraries.astime.astime.fun"
    Type="File"
    LastWriteTime="133559976983993196"
    Private="false" />
  <Object
    Path="C:\Users\ivanr\OneDrive\Plocha\test_diplomovka\Logical\Libraries\astime\astime.typ"
    LogicalPath="Libraries.astime.astime.typ"
    Type="File"
    LastWriteTime="133559976984019613"
    Private="false" />
  <Object
    Path="C:\Users\ivanr\OneDrive\Plocha\test_diplomovka\Logical\Libraries\astime\astime.var"
    LogicalPath="Libraries.astime.astime.var"
    Type="File"
    LastWriteTime="133559976984019613"
    Private="false" />
  <Object
    Path="C:\Users\ivanr\OneDrive\Plocha\test_diplomovka\Logical\Libraries\AsIecCon\binary.lby"
    LogicalPath="Libraries.AsIecCon"
    Type="Library"
    LastWriteTime="133559976985647550" />
  <Object
    Path="C:\Users\ivanr\OneDrive\Plocha\test_diplomovka\Logical\Libraries\AsIecCon\AsIecCon.fun"
    LogicalPath="Libraries.AsIecCon.AsIecCon.fun"
    Type="File"
    LastWriteTime="133559976985598407"
    Private="false" />
  <Object
    Path="C:\Users\ivanr\OneDrive\Plocha\test_diplomovka\Logical\Libraries\AsIecCon\AsIecCon.typ"
    LogicalPath="Libraries.AsIecCon.AsIecCon.typ"
    Type="File"
    LastWriteTime="133559976985598407"
    Private="false" />
  <Object
    Path="C:\Users\ivanr\OneDrive\Plocha\test_diplomovka\Logical\Libraries\AsIecCon\AsIecCon.var"
    LogicalPath="Libraries.AsIecCon.AsIecCon.var"
    Type="File"
    LastWriteTime="133559976985638989"
    Private="false" />
  <Object
    Path="C:\Users\ivanr\OneDrive\Plocha\test_diplomovka\Logical\Libraries\Acp10man\Binary.lby"
    LogicalPath="Libraries.Acp10man"
    Type="Library"
    LastWriteTime="133559978178292295" />
  <Object
    Path="C:\Users\ivanr\OneDrive\Plocha\test_diplomovka\Logical\Libraries\Acp10man\Acp10man.typ"
    LogicalPath="Libraries.Acp10man.Acp10man.typ"
    Type="File"
    LastWriteTime="133559978178279781"
    Private="false" />
  <Object
    Path="C:\Users\ivanr\OneDrive\Plocha\test_diplomovka\Logical\Libraries\Acp10par\Binary.lby"
    LogicalPath="Libraries.Acp10par"
    Type="Library"
    LastWriteTime="133559978178528542" />
  <Object
    Path="C:\Users\ivanr\OneDrive\Plocha\test_diplomovka\Logical\Libraries\Acp10par\Acp10par.var"
    LogicalPath="Libraries.Acp10par.Acp10par.var"
    Type="File"
    LastWriteTime="133559978178514342"
    Private="false" />
  <Object
    Path="C:\Users\ivanr\OneDrive\Plocha\test_diplomovka\Logical\Libraries\NcGlobal\Binary.lby"
    LogicalPath="Libraries.NcGlobal"
    Type="Library"
    LastWriteTime="133559978178769920" />
  <Object
    Path="C:\Users\ivanr\OneDrive\Plocha\test_diplomovka\Logical\Libraries\NcGlobal\NcGlobal.fun"
    LogicalPath="Libraries.NcGlobal.NcGlobal.fun"
    Type="File"
    LastWriteTime="133559978178726765"
    Private="false" />
  <Object
    Path="C:\Users\ivanr\OneDrive\Plocha\test_diplomovka\Logical\Libraries\NcGlobal\NcGlobal.typ"
    LogicalPath="Libraries.NcGlobal.NcGlobal.typ"
    Type="File"
    LastWriteTime="133559978178726765"
    Private="false" />
  <Object
    Path="C:\Users\ivanr\OneDrive\Plocha\test_diplomovka\Logical\Libraries\NcGlobal\NcGlobal.var"
    LogicalPath="Libraries.NcGlobal.NcGlobal.var"
    Type="File"
    LastWriteTime="133559978178757251"
    Private="false" />
  <Object
    Path="C:\Users\ivanr\OneDrive\Plocha\test_diplomovka\Logical\Libraries\Acp10sdc\binary.lby"
    LogicalPath="Libraries.Acp10sdc"
    Type="Library"
    LastWriteTime="133559978214056765" />
  <Object
    Path="C:\Users\ivanr\OneDrive\Plocha\test_diplomovka\Logical\Libraries\Acp10sdc\acp10sdc.var"
    LogicalPath="Libraries.Acp10sdc.acp10sdc.var"
    Type="File"
    LastWriteTime="133559978214037378"
    Private="false" />
  <Object
    Path="C:\Users\ivanr\OneDrive\Plocha\test_diplomovka\Logical\Libraries\Acp10sdc\acp10sdc.typ"
    LogicalPath="Libraries.Acp10sdc.acp10sdc.typ"
    Type="File"
    LastWriteTime="133559978214045108"
    Private="false" />
  <Object
    Path="C:\Users\ivanr\OneDrive\Plocha\test_diplomovka\Logical\Libraries\Acp10_MC\binary.lby"
    LogicalPath="Libraries.Acp10_MC"
    Type="Library"
    LastWriteTime="133559978218442223" />
  <Object
    Path="C:\Users\ivanr\OneDrive\Plocha\test_diplomovka\Logical\Libraries\Acp10_MC\acp10_mc.fun"
    LogicalPath="Libraries.Acp10_MC.acp10_mc.fun"
    Type="File"
    LastWriteTime="133559978218362904"
    Private="false" />
  <Object
    Path="C:\Users\ivanr\OneDrive\Plocha\test_diplomovka\Logical\Libraries\Acp10_MC\acp10_mc.typ"
    LogicalPath="Libraries.Acp10_MC.acp10_mc.typ"
    Type="File"
    LastWriteTime="133559978218362904"
    Private="false" />
  <Object
    Path="C:\Users\ivanr\OneDrive\Plocha\test_diplomovka\Logical\Libraries\Acp10_MC\acp10_mc.var"
    LogicalPath="Libraries.Acp10_MC.acp10_mc.var"
    Type="File"
    LastWriteTime="133559978218362904"
    Private="false" />
  <Object
    Path="C:\Users\ivanr\OneDrive\Plocha\test_diplomovka\Logical\Libraries\brsystem\binary.lby"
    LogicalPath="Libraries.brsystem"
    Type="Library"
    LastWriteTime="133559978218669555" />
  <Object
    Path="C:\Users\ivanr\OneDrive\Plocha\test_diplomovka\Logical\Libraries\brsystem\brsystem.fun"
    LogicalPath="Libraries.brsystem.brsystem.fun"
    Type="File"
    LastWriteTime="133559978218640276"
    Private="false" />
  <Object
    Path="C:\Users\ivanr\OneDrive\Plocha\test_diplomovka\Logical\Libraries\brsystem\brsystem.typ"
    LogicalPath="Libraries.brsystem.brsystem.typ"
    Type="File"
    LastWriteTime="133559978218640276"
    Private="false" />
  <Object
    Path="C:\Users\ivanr\OneDrive\Plocha\test_diplomovka\Logical\Libraries\brsystem\brsystem.var"
    LogicalPath="Libraries.brsystem.brsystem.var"
    Type="File"
    LastWriteTime="133559978218669555"
    Private="false" />
  <Object
    Path="C:\Users\ivanr\OneDrive\Plocha\test_diplomovka\Logical\Libraries\sys_lib\binary.lby"
    LogicalPath="Libraries.sys_lib"
    Type="Library"
    LastWriteTime="133559978218895684" />
  <Object
    Path="C:\Users\ivanr\OneDrive\Plocha\test_diplomovka\Logical\Libraries\sys_lib\sys_lib.fun"
    LogicalPath="Libraries.sys_lib.sys_lib.fun"
    Type="File"
    LastWriteTime="133559978218895684"
    Private="false" />
  <Object
    Path="C:\Users\ivanr\OneDrive\Plocha\test_diplomovka\Logical\Libraries\sys_lib\sys_lib.typ"
    LogicalPath="Libraries.sys_lib.sys_lib.typ"
    Type="File"
    LastWriteTime="133559978218895684"
    Private="false" />
  <Object
    Path="C:\Users\ivanr\OneDrive\Plocha\test_diplomovka\Logical\Libraries\sys_lib\sys_lib.var"
    LogicalPath="Libraries.sys_lib.sys_lib.var"
    Type="File"
    LastWriteTime="133559978218895684"
    Private="false" />
  <Object
    Path="C:\Users\ivanr\OneDrive\Plocha\test_diplomovka\Logical\Libraries\AsBrStr\binary.lby"
    LogicalPath="Libraries.AsBrStr"
    Type="Library"
    LastWriteTime="133559978226529837" />
  <Object
    Path="C:\Users\ivanr\OneDrive\Plocha\test_diplomovka\Logical\Libraries\AsBrStr\AsBrStr.fun"
    LogicalPath="Libraries.AsBrStr.AsBrStr.fun"
    Type="File"
    LastWriteTime="133559978226509462"
    Private="false" />
  <Object
    Path="C:\Users\ivanr\OneDrive\Plocha\test_diplomovka\Logical\Libraries\AsBrStr\AsBrStr.typ"
    LogicalPath="Libraries.AsBrStr.AsBrStr.typ"
    Type="File"
    LastWriteTime="133559978226518265"
    Private="false" />
  <Object
    Path="C:\Users\ivanr\OneDrive\Plocha\test_diplomovka\Logical\Libraries\AsBrStr\AsBrStr.var"
    LogicalPath="Libraries.AsBrStr.AsBrStr.var"
    Type="File"
    LastWriteTime="133559978226529837"
    Private="false" />
  <Object
    Path="C:\Users\ivanr\OneDrive\Plocha\test_diplomovka\Logical\ncsdcctrl\IEC.prg"
    LogicalPath="ncsdcctrl"
    Type="Program"
    LastWriteTime="133559978165180611" />
  <Object
    Path="C:\Users\ivanr\OneDrive\Plocha\test_diplomovka\Logical\ncsdcctrl\ncsdcctrlCyclic.st"
    LogicalPath="ncsdcctrl.ncsdcctrlCyclic.st"
    Type="File"
    LastWriteTime="133576949908698904"
    Private="false" />
  <Object
    Path="C:\Users\ivanr\OneDrive\Plocha\test_diplomovka\Logical\ncsdcctrl\ncsdcctrlInit.st"
    LogicalPath="ncsdcctrl.ncsdcctrlInit.st"
    Type="File"
    LastWriteTime="133576949908698904"
    Private="false" />
  <Object
    Path="C:\Users\ivanr\OneDrive\Plocha\test_diplomovka\Logical\ncsdcctrl\ncsdcctrl.typ"
    LogicalPath="ncsdcctrl.ncsdcctrl.typ"
    Type="File"
    LastWriteTime="133559978170404281"
    Private="true" />
  <Object
    Path="C:\Users\ivanr\OneDrive\Plocha\test_diplomovka\Logical\ncsdcctrl\ncsdcctrl.var"
    LogicalPath="ncsdcctrl.ncsdcctrl.var"
    Type="File"
    LastWriteTime="133576949915904469"
    Private="true" />
  <Object
    Path="C:\Users\ivanr\OneDrive\Plocha\test_diplomovka\Logical\acp10etxen\Ett.dob"
    LogicalPath="acp10etxen"
    Type="DataObject"
    LastWriteTime="133559978207361893" />
  <Object
    Path="C:\Users\ivanr\OneDrive\Plocha\test_diplomovka\Logical\acp10etxen\acp10etxen.ett"
    LogicalPath="acp10etxen.acp10etxen.ett"
    Type="File"
    LastWriteTime="133559978208297772"
    Private="false" />
  <Object
    Path="C:\Users\ivanr\OneDrive\Plocha\test_diplomovka\Logical\gAxis01obj\Package.pkg"
    LogicalPath="gAxis01obj"
    Type="Package"
    LastWriteTime="133559978231682261" />
  <Object
    Path="C:\Users\ivanr\OneDrive\Plocha\test_diplomovka\Logical\gAxis01obj\gAxis01a\Apt.dob"
    LogicalPath="gAxis01obj.gAxis01a"
    Type="DataObject"
    LastWriteTime="133559978228856030" />
  <Object
    Path="C:\Users\ivanr\OneDrive\Plocha\test_diplomovka\Logical\gAxis01obj\gAxis01a\gAxis01a.apt"
    LogicalPath="gAxis01obj.gAxis01a.gAxis01a.apt"
    Type="File"
    LastWriteTime="133562060187803826"
    Private="false" />
  <Object
    Path="C:\Users\ivanr\OneDrive\Plocha\test_diplomovka\Logical\gAxis01obj\gAxis01i\Ax.dob"
    LogicalPath="gAxis01obj.gAxis01i"
    Type="DataObject"
    LastWriteTime="133559978229712751" />
  <Object
    Path="C:\Users\ivanr\OneDrive\Plocha\test_diplomovka\Logical\gAxis01obj\gAxis01i\gAxis01i.ax"
    LogicalPath="gAxis01obj.gAxis01i.gAxis01i.ax"
    Type="File"
    LastWriteTime="133562044197623371"
    Private="false" />
  <Object
    Path="C:\Users\ivanr\OneDrive\Plocha\test_diplomovka\Logical\gAxis02obj\Package.pkg"
    LogicalPath="gAxis02obj"
    Type="Package"
    LastWriteTime="133576949694303192" />
  <Object
    Path="C:\Users\ivanr\OneDrive\Plocha\test_diplomovka\Logical\gAxis02obj\gAxis02a\Apt.dob"
    LogicalPath="gAxis02obj.gAxis02a"
    Type="DataObject"
    LastWriteTime="133576949687364041" />
  <Object
    Path="C:\Users\ivanr\OneDrive\Plocha\test_diplomovka\Logical\gAxis02obj\gAxis02a\gAxis02a.apt"
    LogicalPath="gAxis02obj.gAxis02a.gAxis02a.apt"
    Type="File"
    LastWriteTime="133576954503458131"
    Private="false" />
  <Object
    Path="C:\Users\ivanr\OneDrive\Plocha\test_diplomovka\Logical\gAxis02obj\gAxis02i\Ax.dob"
    LogicalPath="gAxis02obj.gAxis02i"
    Type="DataObject"
    LastWriteTime="133576949691619484" />
  <Object
    Path="C:\Users\ivanr\OneDrive\Plocha\test_diplomovka\Logical\gAxis02obj\gAxis02i\gAxis02i.ax"
    LogicalPath="gAxis02obj.gAxis02i.gAxis02i.ax"
    Type="File"
    LastWriteTime="133576949694145232"
    Private="false" />
  <Object
    Path="C:\Users\ivanr\OneDrive\Plocha\test_diplomovka\Logical\gAxis03obj\Package.pkg"
    LogicalPath="gAxis03obj"
    Type="Package"
    LastWriteTime="133576949911543483" />
  <Object
    Path="C:\Users\ivanr\OneDrive\Plocha\test_diplomovka\Logical\gAxis03obj\gAxis03a\Apt.dob"
    LogicalPath="gAxis03obj.gAxis03a"
    Type="DataObject"
    LastWriteTime="133576949910118680" />
  <Object
    Path="C:\Users\ivanr\OneDrive\Plocha\test_diplomovka\Logical\gAxis03obj\gAxis03a\gAxis03a.apt"
    LogicalPath="gAxis03obj.gAxis03a.gAxis03a.apt"
    Type="File"
    LastWriteTime="133576954405416393"
    Private="false" />
  <Object
    Path="C:\Users\ivanr\OneDrive\Plocha\test_diplomovka\Logical\gAxis03obj\gAxis03i\Ax.dob"
    LogicalPath="gAxis03obj.gAxis03i"
    Type="DataObject"
    LastWriteTime="133576949910599169" />
  <Object
    Path="C:\Users\ivanr\OneDrive\Plocha\test_diplomovka\Logical\gAxis03obj\gAxis03i\gAxis03i.ax"
    LogicalPath="gAxis03obj.gAxis03i.gAxis03i.ax"
    Type="File"
    LastWriteTime="133576949911384606"
    Private="false" />
  <Object
    Path="C:\Users\ivanr\OneDrive\Plocha\test_diplomovka\Logical\Program\IEC.prg"
    LogicalPath="Program"
    Type="Program"
    LastWriteTime="133576955670556179" />
  <Object
    Path="C:\Users\ivanr\OneDrive\Plocha\test_diplomovka\Logical\Program\Cyclic.st"
    LogicalPath="Program.Cyclic.st"
    Type="File"
    LastWriteTime="133583887200616777"
    Private="false" />
  <Object
    Path="C:\Users\ivanr\OneDrive\Plocha\test_diplomovka\Logical\Program\Init.st"
    LogicalPath="Program.Init.st"
    Type="File"
    LastWriteTime="133576955670391868"
    Private="false" />
  <Object
    Path="C:\Users\ivanr\OneDrive\Plocha\test_diplomovka\Logical\Program\Exit.st"
    LogicalPath="Program.Exit.st"
    Type="File"
    LastWriteTime="133576955670391868"
    Private="false" />
  <Object
    Path="C:\Users\ivanr\OneDrive\Plocha\test_diplomovka\Logical\Program\Types.typ"
    LogicalPath="Program.Types.typ"
    Type="File"
    LastWriteTime="133576955670548554"
    Private="true" />
  <Object
    Path="C:\Users\ivanr\OneDrive\Plocha\test_diplomovka\Logical\Program\Variables.var"
    LogicalPath="Program.Variables.var"
    Type="File"
    LastWriteTime="133583863311368540"
    Private="true" />
  <Object
    Path="C:\Users\ivanr\OneDrive\Plocha\test_diplomovka\Physical\Config1\Config.pkg"
    LogicalPath="Config1"
    Type="Configuration.ParentUnknown"
    LastWriteTime="133559977013990584" />
  <Object
    Path="C:\Users\ivanr\OneDrive\Plocha\test_diplomovka\Physical\Config1\Hardware.hw"
    LogicalPath="Config1.Hardware.hw"
    Type="File"
    LastWriteTime="133576954504096730"
    Private="false" />
  <Object
    Path="C:\Users\ivanr\OneDrive\Plocha\test_diplomovka\Physical\Config1\Hardware.hwl"
    LogicalPath="Config1.Hardware.hwl"
    Type="File"
    LastWriteTime="133576952602999514"
    Private="false" />
  <Object
    Path="C:\Users\ivanr\OneDrive\Plocha\test_diplomovka\Physical\Config1\X20CP0484\Cpu.pkg"
    LogicalPath="Config1.X20CP0484"
    Type="Cpu"
    LastWriteTime="133559978171467635" />
  <Object
    Path="C:\Users\ivanr\OneDrive\Plocha\test_diplomovka\Physical\Config1\X20CP0484\Cpu.sw"
    LogicalPath="Config1.X20CP0484.Cpu.sw"
    Type="File"
    LastWriteTime="133576949911860295"
    Private="false" />
  <Object
    Path="C:\Users\ivanr\OneDrive\Plocha\test_diplomovka\Physical\Config1\X20CP0484\Cpu.per"
    LogicalPath="Config1.X20CP0484.Cpu.per"
    Type="File"
    LastWriteTime="133559976988537738"
    Private="false" />
  <Object
    Path="C:\Users\ivanr\OneDrive\Plocha\test_diplomovka\Physical\Config1\X20CP0484\IoMap.iom"
    LogicalPath="Config1.X20CP0484.IoMap.iom"
    Type="File"
    LastWriteTime="133576949908698904"
    Private="false" />
  <Object
    Path="C:\Users\ivanr\OneDrive\Plocha\test_diplomovka\Physical\Config1\X20CP0484\PvMap.vvm"
    LogicalPath="Config1.X20CP0484.PvMap.vvm"
    Type="File"
    LastWriteTime="133559976988852383"
    Private="false" />
  <Object
    Path="C:\Users\ivanr\OneDrive\Plocha\test_diplomovka\Physical\Config1\X20CP0484\Connectivity\Package.pkg"
    LogicalPath="Config1.X20CP0484.Connectivity"
    Type="Package"
    LastWriteTime="133559976990091449" />
  <Object
    Path="C:\Users\ivanr\OneDrive\Plocha\test_diplomovka\Physical\Config1\X20CP0484\Connectivity\OpcUA\Package.pkg"
    LogicalPath="Config1.X20CP0484.Connectivity.OpcUA"
    Type="Package"
    LastWriteTime="133559976990091449" />
  <Object
    Path="C:\Users\ivanr\OneDrive\Plocha\test_diplomovka\Physical\Config1\X20CP0484\TextSystem\Package.pkg"
    LogicalPath="Config1.X20CP0484.TextSystem"
    Type="Package"
    LastWriteTime="133559976990121547" />
  <Object
    Path="C:\Users\ivanr\OneDrive\Plocha\test_diplomovka\Physical\Config1\X20CP0484\UnitSystem\Package.pkg"
    LogicalPath="Config1.X20CP0484.UnitSystem"
    Type="Package"
    LastWriteTime="133559976990208453" />
  <Object
    Path="C:\Users\ivanr\OneDrive\Plocha\test_diplomovka\Physical\Config1\X20CP0484\AccessAndSecurity\Package.pkg"
    LogicalPath="Config1.X20CP0484.AccessAndSecurity"
    Type="Package"
    LastWriteTime="133559976990640243" />
  <Object
    Path="C:\Users\ivanr\OneDrive\Plocha\test_diplomovka\Physical\Config1\X20CP0484\AccessAndSecurity\UserRoleSystem\Package.pkg"
    LogicalPath="Config1.X20CP0484.AccessAndSecurity.UserRoleSystem"
    Type="Package"
    LastWriteTime="133559976990406335" />
  <Object
    Path="C:\Users\ivanr\OneDrive\Plocha\test_diplomovka\Physical\Config1\X20CP0484\AccessAndSecurity\UserRoleSystem\Role.role"
    LogicalPath="Config1.X20CP0484.AccessAndSecurity.UserRoleSystem.Role.role"
    Type="File"
    LastWriteTime="133559976990378120"
    Private="false" />
  <Object
    Path="C:\Users\ivanr\OneDrive\Plocha\test_diplomovka\Physical\Config1\X20CP0484\AccessAndSecurity\UserRoleSystem\User.user"
    LogicalPath="Config1.X20CP0484.AccessAndSecurity.UserRoleSystem.User.user"
    Type="File"
    LastWriteTime="133559976990395768"
    Private="false" />
  <Object
    Path="C:\Users\ivanr\OneDrive\Plocha\test_diplomovka\Physical\Config1\X20CP0484\AccessAndSecurity\CertificateStore\Package.pkg"
    LogicalPath="Config1.X20CP0484.AccessAndSecurity.CertificateStore"
    Type="Package"
    LastWriteTime="133559976990573269" />
  <Object
    Path="C:\Users\ivanr\OneDrive\Plocha\test_diplomovka\Physical\Config1\X20CP0484\AccessAndSecurity\CertificateStore\OwnCertificates\Package.pkg"
    LogicalPath="Config1.X20CP0484.AccessAndSecurity.CertificateStore.OwnCertificates"
    Type="Package"
    LastWriteTime="133559976990479419" />
  <Object
    Path="C:\Users\ivanr\OneDrive\Plocha\test_diplomovka\Physical\Config1\X20CP0484\AccessAndSecurity\CertificateStore\OwnCertificates\Certificates\Package.pkg"
    LogicalPath="Config1.X20CP0484.AccessAndSecurity.CertificateStore.OwnCertificates.Certificates"
    Type="Package"
    LastWriteTime="133559976990461070" />
  <Object
    Path="C:\Users\ivanr\OneDrive\Plocha\test_diplomovka\Physical\Config1\X20CP0484\AccessAndSecurity\CertificateStore\OwnCertificates\PrivateKeys\Package.pkg"
    LogicalPath="Config1.X20CP0484.AccessAndSecurity.CertificateStore.OwnCertificates.PrivateKeys"
    Type="Package"
    LastWriteTime="133559976990479419" />
  <Object
    Path="C:\Users\ivanr\OneDrive\Plocha\test_diplomovka\Physical\Config1\X20CP0484\AccessAndSecurity\CertificateStore\ThirdPartyCertificates\Package.pkg"
    LogicalPath="Config1.X20CP0484.AccessAndSecurity.CertificateStore.ThirdPartyCertificates"
    Type="Package"
    LastWriteTime="133559976990524103" />
  <Object
    Path="C:\Users\ivanr\OneDrive\Plocha\test_diplomovka\Physical\Config1\X20CP0484\AccessAndSecurity\CertificateStore\ThirdPartyCertificates\SoftwareCertificates\Package.pkg"
    LogicalPath="Config1.X20CP0484.AccessAndSecurity.CertificateStore.ThirdPartyCertificates.SoftwareCertificates"
    Type="Package"
    LastWriteTime="133559976990524103" />
  <Object
    Path="C:\Users\ivanr\OneDrive\Plocha\test_diplomovka\Physical\Config1\X20CP0484\AccessAndSecurity\CertificateStore\CertificateRevocationLists\Package.pkg"
    LogicalPath="Config1.X20CP0484.AccessAndSecurity.CertificateStore.CertificateRevocationLists"
    Type="Package"
    LastWriteTime="133559976990547079" />
  <Object
    Path="C:\Users\ivanr\OneDrive\Plocha\test_diplomovka\Physical\Config1\X20CP0484\AccessAndSecurity\CertificateStore\CertificateSigningRequests\Package.pkg"
    LogicalPath="Config1.X20CP0484.AccessAndSecurity.CertificateStore.CertificateSigningRequests"
    Type="Package"
    LastWriteTime="133559976990573269" />
  <Object
    Path="C:\Users\ivanr\OneDrive\Plocha\test_diplomovka\Physical\Config1\X20CP0484\AccessAndSecurity\TransportLayerSecurity\Package.pkg"
    LogicalPath="Config1.X20CP0484.AccessAndSecurity.TransportLayerSecurity"
    Type="Package"
    LastWriteTime="133559976990594517" />
  <Object
    Path="C:\Users\ivanr\OneDrive\Plocha\test_diplomovka\Physical\Config1\X20CP0484\AccessAndSecurity\Firewall\Package.pkg"
    LogicalPath="Config1.X20CP0484.AccessAndSecurity.Firewall"
    Type="Package"
    LastWriteTime="133559976990632387" />
  <Object
    Path="C:\Users\ivanr\OneDrive\Plocha\test_diplomovka\Physical\Config1\X20CP0484\AccessAndSecurity\Firewall\Rules.firewallRules"
    LogicalPath="Config1.X20CP0484.AccessAndSecurity.Firewall.Rules.firewallRules"
    Type="File"
    LastWriteTime="133559976990632387"
    Private="false" />
  <Object
    Path="C:\Users\ivanr\OneDrive\Plocha\test_diplomovka\Physical\Config1\X20CP0484\mappControl\Package.pkg"
    LogicalPath="Config1.X20CP0484.mappControl"
    Type="Package"
    LastWriteTime="133559976990640243" />
  <Object
    Path="C:\Users\ivanr\OneDrive\Plocha\test_diplomovka\Physical\Config1\X20CP0484\mappMotion\Package.pkg"
    LogicalPath="Config1.X20CP0484.mappMotion"
    Type="Package"
    LastWriteTime="133559976990694113" />
  <Object
    Path="C:\Users\ivanr\OneDrive\Plocha\test_diplomovka\Physical\Config1\X20CP0484\mappServices\Package.pkg"
    LogicalPath="Config1.X20CP0484.mappServices"
    Type="Package"
    LastWriteTime="133559976990756749" />
  <Object
    Path="C:\Users\ivanr\OneDrive\Plocha\test_diplomovka\Physical\Config1\X20CP0484\mappSafety\Package.pkg"
    LogicalPath="Config1.X20CP0484.mappSafety"
    Type="Package"
    LastWriteTime="133559976991058755" />
  <Object
    Path="C:\Users\ivanr\OneDrive\Plocha\test_diplomovka\Physical\Config1\X20CP0484\mappSafety\SafeApplication\Package.pkg"
    LogicalPath="Config1.X20CP0484.mappSafety.SafeApplication"
    Type="Package"
    LastWriteTime="133559976991058755" />
  <Object
    Path="C:\Users\ivanr\OneDrive\Plocha\test_diplomovka\Physical\Config1\X20CP0484\mappSafety\SafeCommissioning\Package.pkg"
    LogicalPath="Config1.X20CP0484.mappSafety.SafeCommissioning"
    Type="Package"
    LastWriteTime="133559976991058755" />
  <Object
    Path="C:\Users\ivanr\OneDrive\Plocha\test_diplomovka\Physical\Config1\X20CP0484\mappView\Package.pkg"
    LogicalPath="Config1.X20CP0484.mappView"
    Type="Package"
    LastWriteTime="133559976991229242" />
  <Object
    Path="C:\Users\ivanr\OneDrive\Plocha\test_diplomovka\Physical\Config1\X20CP0484\mappVision\Package.pkg"
    LogicalPath="Config1.X20CP0484.mappVision"
    Type="Package"
    LastWriteTime="133559976991229242" />
  <Object
    Path="C:\Users\ivanr\OneDrive\Plocha\test_diplomovka\Physical\Config1\X20CP0484\mappCockpit\Package.pkg"
    LogicalPath="Config1.X20CP0484.mappCockpit"
    Type="Package"
    LastWriteTime="133559976991375641" />
  <Object
    Path="C:\Users\ivanr\OneDrive\Plocha\test_diplomovka\Physical\Config1\X20CP0484\Motion\Package.pkg"
    LogicalPath="Config1.X20CP0484.Motion"
    Type="Package"
    LastWriteTime="133559978182125807" />
  <Object
    Path="C:\Users\ivanr\OneDrive\Plocha\test_diplomovka\Physical\Config1\X20CP0484\Motion\Acp10map.ncm"
    LogicalPath="Config1.X20CP0484.Motion.Acp10map.ncm"
    Type="File"
    LastWriteTime="133576949909169718"
    Private="false" />
  <Object
    Path="C:\Users\ivanr\OneDrive\Plocha\test_diplomovka\Physical\Config1\X20CP0484\Motion\Acp10cfg.ncc"
    LogicalPath="Config1.X20CP0484.Motion.Acp10cfg.ncc"
    Type="File"
    LastWriteTime="133559978207199000"
    Private="false" />
  <Object
    Path="C:\Users\ivanr\OneDrive\Plocha\test_diplomovka\Physical\Config1\X20CP0484\Motion\Acp10sys.br"
    LogicalPath="Config1.X20CP0484.Motion.Acp10sys.br"
    Type="File"
    LastWriteTime="133559978183063272"
    Private="false" />
  <Object
    Path="C:\Users\ivanr\OneDrive\Plocha\test_diplomovka\Physical\Config1\Hardware.jpg"
    LogicalPath="Config1.Hardware.jpg"
    Type="File"
    LastWriteTime="133576952603320032"
    Private="false" />
</Objects>